<?xml version="1.0" encoding="UTF-8"?>
<!DOCTYPE mapper
  PUBLIC "-//mybatis.org//DTD Mapper 3.0//EN"
  "http://mybatis.org/dtd/mybatis-3-mapper.dtd">
  
<mapper namespace="com.yj.yeogiya.test">

	
	<insert id="insert" parameterType="TestVo">
		insert into test 
		values 
			(#{content}, seq_test_no.nextval)
	</insert>
	
	<select id="select" resultType="TestVo">
		select * from test 
		where test_no = #{test_no} 
	</select>

</mapper>